<?xml version="1.0" encoding="UTF-8"?>
<!-- Generated by org.testng.reporters.JUnitReportReporter -->
<testsuite hostname="wkrzysiek-ubuntu-hp" failures="0" tests="1" name="tests.LoginUserTest" time="5.560" errors="0" timestamp="21 Feb 2021 10:10:28 GMT">
  <testcase classname="tests.LoginUserTest" name="loginUserTest" time="5.560"/>
</testsuite>
