<?xml version="1.0" encoding="UTF-8"?>
<!-- Generated by org.testng.reporters.JUnitReportReporter -->
<testsuite hostname="wkrzysiek-ubuntu-hp" failures="0" tests="1" name="tests.RegisterAccountTest" time="6.347" errors="0" timestamp="21 Feb 2021 10:09:55 GMT">
  <testcase classname="tests.RegisterAccountTest" name="registerAccountTest" time="6.347"/>
</testsuite>
